This is pdfTeX, Version 3.14159265-2.6-1.40.21 (TeX Live 2020) (preloaded format=pdflatex 2020.4.7)  18 OCT 2020 12:58
entering extended mode
 restricted \write18 enabled.
 %&-line parsing enabled.
**/Users/moyanm/blog/content/posts/7habits.md
(/Users/moyanm/blog/content/posts/7habits.md
LaTeX2e <2020-02-02> patch level 5
L3 programming layer <2020-03-06>

! LaTeX Error: Missing \begin{document}.

See the LaTeX manual or LaTeX Companion for explanation.
Type  H <return>  for immediate help.
 ...                                              
                                                  
l.1 -
     --
You're in trouble here.  Try typing  <return>  to proceed.
If that doesn't work, type  X <return>  to quit.

Missing character: There is no - in font nullfont!
Missing character: There is no - in font nullfont!
Missing character: There is no - in font nullfont!
Missing character: There is no t in font nullfont!
Missing character: There is no i in font nullfont!
Missing character: There is no t in font nullfont!
Missing character: There is no l in font nullfont!
Missing character: There is no e in font nullfont!
Missing character: There is no : in font nullfont!
Missing character: There is no " in font nullfont!

! Package inputenc Error: Unicode character é‡ (U+91CD)
(inputenc)                not set up for use with LaTeX.

See the inputenc package documentation for explanation.
Type  H <return>  for immediate help.
 ...                                              
                                                  
l.2 title: "é‡
               æ–°æ•´ç†ï¼šé«˜æ•ˆèƒ½äººäº‹çš„ä¸ƒä¸ªä¹ æƒ¯"
You may provide a definition with
\DeclareUnicodeCharacter 


! Package inputenc Error: Unicode character æ–° (U+65B0)
(inputenc)                not set up for use with LaTeX.

See the inputenc package documentation for explanation.
Type  H <return>  for immediate help.
 ...                                              
                                                  
l.2 title: "é‡æ–°
                  æ•´ç†ï¼šé«˜æ•ˆèƒ½äººäº‹çš„ä¸ƒä¸ªä¹ æƒ¯"
You may provide a definition with
\DeclareUnicodeCharacter 


! Package inputenc Error: Unicode character æ•´ (U+6574)
(inputenc)                not set up for use with LaTeX.

See the inputenc package documentation for explanation.
Type  H <return>  for immediate help.
 ...                                              
                                                  
l.2 title: "é‡æ–°æ•´
                     ç†ï¼šé«˜æ•ˆèƒ½äººäº‹çš„ä¸ƒä¸ªä¹ æƒ¯"
You may provide a definition with
\DeclareUnicodeCharacter 


! Package inputenc Error: Unicode character ç† (U+7406)
(inputenc)                not set up for use with LaTeX.

See the inputenc package documentation for explanation.
Type  H <return>  for immediate help.
 ...                                              
                                                  
l.2 title: "é‡æ–°æ•´ç†
                        ï¼šé«˜æ•ˆèƒ½äººäº‹çš„ä¸ƒä¸ªä¹ æƒ¯"
You may provide a definition with
\DeclareUnicodeCharacter 


! Package inputenc Error: Unicode character ï¼š (U+FF1A)
(inputenc)                not set up for use with LaTeX.

See the inputenc package documentation for explanation.
Type  H <return>  for immediate help.
 ...                                              
                                                  
l.2 title: "é‡æ–°æ•´ç†ï¼š
                           é«˜æ•ˆèƒ½äººäº‹çš„ä¸ƒä¸ªä¹ æƒ¯"
You may provide a definition with
\DeclareUnicodeCharacter 


! Package inputenc Error: Unicode character é«˜ (U+9AD8)
(inputenc)                not set up for use with LaTeX.

See the inputenc package documentation for explanation.
Type  H <return>  for immediate help.
 ...                                              
                                                  
l.2 title: "é‡æ–°æ•´ç†ï¼šé«˜
                              æ•ˆèƒ½äººäº‹çš„ä¸ƒä¸ªä¹ æƒ¯"
You may provide a definition with
\DeclareUnicodeCharacter 


! Package inputenc Error: Unicode character æ•ˆ (U+6548)
(inputenc)                not set up for use with LaTeX.

See the inputenc package documentation for explanation.
Type  H <return>  for immediate help.
 ...                                              
                                                  
l.2 title: "é‡æ–°æ•´ç†ï¼šé«˜æ•ˆ
                                 èƒ½äººäº‹çš„ä¸ƒä¸ªä¹ æƒ¯"
You may provide a definition with
\DeclareUnicodeCharacter 


! Package inputenc Error: Unicode character èƒ½ (U+80FD)
(inputenc)                not set up for use with LaTeX.

See the inputenc package documentation for explanation.
Type  H <return>  for immediate help.
 ...                                              
                                                  
l.2 title: "é‡æ–°æ•´ç†ï¼šé«˜æ•ˆèƒ½
                                    äººäº‹çš„ä¸ƒä¸ªä¹ æƒ¯"
You may provide a definition with
\DeclareUnicodeCharacter 


! Package inputenc Error: Unicode character äºº (U+4EBA)
(inputenc)                not set up for use with LaTeX.

See the inputenc package documentation for explanation.
Type  H <return>  for immediate help.
 ...                                              
                                                  
l.2 title: "é‡æ–°æ•´ç†ï¼šé«˜æ•ˆèƒ½äºº
                                       äº‹çš„ä¸ƒä¸ªä¹ æƒ¯"
You may provide a definition with
\DeclareUnicodeCharacter 


! Package inputenc Error: Unicode character äº‹ (U+4E8B)
(inputenc)                not set up for use with LaTeX.

See the inputenc package documentation for explanation.
Type  H <return>  for immediate help.
 ...                                              
                                                  
l.2 title: "é‡æ–°æ•´ç†ï¼šé«˜æ•ˆèƒ½äººäº‹
                                          çš„ä¸ƒä¸ªä¹ æƒ¯"
You may provide a definition with
\DeclareUnicodeCharacter 


! Package inputenc Error: Unicode character çš„ (U+7684)
(inputenc)                not set up for use with LaTeX.

See the inputenc package documentation for explanation.
Type  H <return>  for immediate help.
 ...                                              
                                                  
l.2 title: "é‡æ–°æ•´ç†ï¼šé«˜æ•ˆèƒ½äººäº‹çš„
                                             ä¸ƒä¸ªä¹ æƒ¯"
You may provide a definition with
\DeclareUnicodeCharacter 


! Package inputenc Error: Unicode character ä¸ƒ (U+4E03)
(inputenc)                not set up for use with LaTeX.

See the inputenc package documentation for explanation.
Type  H <return>  for immediate help.
 ...                                              
                                                  
l.2 title: "é‡æ–°æ•´ç†ï¼šé«˜æ•ˆèƒ½äººäº‹çš„ä¸ƒ
                                                ä¸ªä¹ æƒ¯"
You may provide a definition with
\DeclareUnicodeCharacter 


! Package inputenc Error: Unicode character ä¸ª (U+4E2A)
(inputenc)                not set up for use with LaTeX.

See the inputenc package documentation for explanation.
Type  H <return>  for immediate help.
 ...                                              
                                                  
l.2 ...e: "é‡æ–°æ•´ç†ï¼šé«˜æ•ˆèƒ½äººäº‹çš„ä¸ƒä¸ª
                                                  ä¹ æƒ¯"
You may provide a definition with
\DeclareUnicodeCharacter 


! Package inputenc Error: Unicode character ä¹  (U+4E60)
(inputenc)                not set up for use with LaTeX.

See the inputenc package documentation for explanation.
Type  H <return>  for immediate help.
 ...                                              
                                                  
l.2 ..."é‡æ–°æ•´ç†ï¼šé«˜æ•ˆèƒ½äººäº‹çš„ä¸ƒä¸ªä¹ 
                                                  æƒ¯"
You may provide a definition with
\DeclareUnicodeCharacter 


! Package inputenc Error: Unicode character æƒ¯ (U+60EF)
(inputenc)                not set up for use with LaTeX.

See the inputenc package documentation for explanation.
Type  H <return>  for immediate help.
 ...                                              
                                                  
l.2 ...æ–°æ•´ç†ï¼šé«˜æ•ˆèƒ½äººäº‹çš„ä¸ƒä¸ªä¹ æƒ¯
                                                  "
You may provide a definition with
\DeclareUnicodeCharacter 

Missing character: There is no " in font nullfont!
Missing character: There is no d in font nullfont!
Missing character: There is no a in font nullfont!
Missing character: There is no t in font nullfont!
Missing character: There is no e in font nullfont!
Missing character: There is no : in font nullfont!
Missing character: There is no 2 in font nullfont!
Missing character: There is no 0 in font nullfont!
Missing character: There is no 2 in font nullfont!
Missing character: There is no 0 in font nullfont!
Missing character: There is no - in font nullfont!
Missing character: There is no 1 in font nullfont!
Missing character: There is no 0 in font nullfont!
Missing character: There is no - in font nullfont!
Missing character: There is no 1 in font nullfont!
Missing character: There is no 8 in font nullfont!
Missing character: There is no T in font nullfont!
Missing character: There is no 1 in font nullfont!
Missing character: There is no 2 in font nullfont!
Missing character: There is no : in font nullfont!
Missing character: There is no 4 in font nullfont!
Missing character: There is no 7 in font nullfont!
Missing character: There is no : in font nullfont!
Missing character: There is no 5 in font nullfont!
Missing character: There is no 0 in font nullfont!
Missing character: There is no - in font nullfont!
Missing character: There is no 0 in font nullfont!
Missing character: There is no 4 in font nullfont!
Missing character: There is no : in font nullfont!
Missing character: There is no 0 in font nullfont!
Missing character: There is no 0 in font nullfont!
Missing character: There is no d in font nullfont!
Missing character: There is no r in font nullfont!
Missing character: There is no a in font nullfont!
Missing character: There is no f in font nullfont!
Missing character: There is no t in font nullfont!
Missing character: There is no : in font nullfont!
Missing character: There is no t in font nullfont!
Missing character: There is no r in font nullfont!
Missing character: There is no u in font nullfont!
Missing character: There is no e in font nullfont!
Missing character: There is no - in font nullfont!
Missing character: There is no - in font nullfont!
Missing character: There is no - in font nullfont!

Overfull \hbox (20.0pt too wide) in paragraph at lines 1--6
[]
 []


! Package inputenc Error: Unicode character è½¬ (U+8F6C)
(inputenc)                not set up for use with LaTeX.

See the inputenc package documentation for explanation.
Type  H <return>  for immediate help.
 ...                                              
                                                  
l.8 è½¬
       çœ¼åˆæ˜¯ä¸‰åˆ°å››ä¸ªæœˆæ²¡æœ‰æ›´æ–°åšå®¢äº†ã€‚ä¸å…¶è¯´æ˜¯æˆ‘æ‡’ï¼Œ...

You may provide a definition with
\DeclareUnicodeCharacter 


! Package inputenc Error: Unicode character çœ¼ (U+773C)
(inputenc)                not set up for use with LaTeX.

See the inputenc package documentation for explanation.
Type  H <return>  for immediate help.
 ...                                              
                                                  
l.8 è½¬çœ¼
          åˆæ˜¯ä¸‰åˆ°å››ä¸ªæœˆæ²¡æœ‰æ›´æ–°åšå®¢äº†ã€‚ä¸å…¶è¯´æ˜¯æˆ‘æ‡’ï¼Œ...

You may provide a definition with
\DeclareUnicodeCharacter 


! Package inputenc Error: Unicode character åˆ (U+53C8)
(inputenc)                not set up for use with LaTeX.

See the inputenc package documentation for explanation.
Type  H <return>  for immediate help.
 ...                                              
                                                  
l.8 è½¬çœ¼åˆ
             æ˜¯ä¸‰åˆ°å››ä¸ªæœˆæ²¡æœ‰æ›´æ–°åšå®¢äº†ã€‚ä¸å…¶è¯´æ˜¯æˆ‘æ‡’ï¼Œ...

You may provide a definition with
\DeclareUnicodeCharacter 


! Package inputenc Error: Unicode character æ˜¯ (U+662F)
(inputenc)                not set up for use with LaTeX.

See the inputenc package documentation for explanation.
Type  H <return>  for immediate help.
 ...                                              
                                                  
l.8 è½¬çœ¼åˆæ˜¯
                ä¸‰åˆ°å››ä¸ªæœˆæ²¡æœ‰æ›´æ–°åšå®¢äº†ã€‚ä¸å…¶è¯´æ˜¯æˆ‘æ‡’ï¼Œ...

You may provide a definition with
\DeclareUnicodeCharacter 


! Package inputenc Error: Unicode character ä¸‰ (U+4E09)
(inputenc)                not set up for use with LaTeX.

See the inputenc package documentation for explanation.
Type  H <return>  for immediate help.
 ...                                              
                                                  
l.8 è½¬çœ¼åˆæ˜¯ä¸‰
                   åˆ°å››ä¸ªæœˆæ²¡æœ‰æ›´æ–°åšå®¢äº†ã€‚ä¸å…¶è¯´æ˜¯æˆ‘æ‡’ï¼Œ...

You may provide a definition with
\DeclareUnicodeCharacter 


! Package inputenc Error: Unicode character åˆ° (U+5230)
(inputenc)                not set up for use with LaTeX.

See the inputenc package documentation for explanation.
Type  H <return>  for immediate help.
 ...                                              
                                                  
l.8 è½¬çœ¼åˆæ˜¯ä¸‰åˆ°
                      å››ä¸ªæœˆæ²¡æœ‰æ›´æ–°åšå®¢äº†ã€‚ä¸å…¶è¯´æ˜¯æˆ‘æ‡’ï¼Œ...

You may provide a definition with
\DeclareUnicodeCharacter 


! Package inputenc Error: Unicode character å›› (U+56DB)
(inputenc)                not set up for use with LaTeX.

See the inputenc package documentation for explanation.
Type  H <return>  for immediate help.
 ...                                              
                                                  
l.8 è½¬çœ¼åˆæ˜¯ä¸‰åˆ°å››
                         ä¸ªæœˆæ²¡æœ‰æ›´æ–°åšå®¢äº†ã€‚ä¸å…¶è¯´æ˜¯æˆ‘æ‡’ï¼Œ...

You may provide a definition with
\DeclareUnicodeCharacter 


! Package inputenc Error: Unicode character ä¸ª (U+4E2A)
(inputenc)                not set up for use with LaTeX.

See the inputenc package documentation for explanation.
Type  H <return>  for immediate help.
 ...                                              
                                                  
l.8 è½¬çœ¼åˆæ˜¯ä¸‰åˆ°å››ä¸ª
                            æœˆæ²¡æœ‰æ›´æ–°åšå®¢äº†ã€‚ä¸å…¶è¯´æ˜¯æˆ‘æ‡’ï¼Œ...

You may provide a definition with
\DeclareUnicodeCharacter 


! Package inputenc Error: Unicode character æœˆ (U+6708)
(inputenc)                not set up for use with LaTeX.

See the inputenc package documentation for explanation.
Type  H <return>  for immediate help.
 ...                                              
                                                  
l.8 è½¬çœ¼åˆæ˜¯ä¸‰åˆ°å››ä¸ªæœˆ
                               æ²¡æœ‰æ›´æ–°åšå®¢äº†ã€‚ä¸å…¶è¯´æ˜¯æˆ‘æ‡’ï¼Œ...

You may provide a definition with
\DeclareUnicodeCharacter 


! Package inputenc Error: Unicode character æ²¡ (U+6CA1)
(inputenc)                not set up for use with LaTeX.

See the inputenc package documentation for explanation.
Type  H <return>  for immediate help.
 ...                                              
                                                  
l.8 è½¬çœ¼åˆæ˜¯ä¸‰åˆ°å››ä¸ªæœˆæ²¡
                                  æœ‰æ›´æ–°åšå®¢äº†ã€‚ä¸å…¶è¯´æ˜¯æˆ‘æ‡’ï¼Œ...

You may provide a definition with
\DeclareUnicodeCharacter 


! Package inputenc Error: Unicode character æœ‰ (U+6709)
(inputenc)                not set up for use with LaTeX.

See the inputenc package documentation for explanation.
Type  H <return>  for immediate help.
 ...                                              
                                                  
l.8 è½¬çœ¼åˆæ˜¯ä¸‰åˆ°å››ä¸ªæœˆæ²¡æœ‰
                                     æ›´æ–°åšå®¢äº†ã€‚ä¸å…¶è¯´æ˜¯æˆ‘æ‡’ï¼Œ...

You may provide a definition with
\DeclareUnicodeCharacter 


! Package inputenc Error: Unicode character æ›´ (U+66F4)
(inputenc)                not set up for use with LaTeX.

See the inputenc package documentation for explanation.
Type  H <return>  for immediate help.
 ...                                              
                                                  
l.8 è½¬çœ¼åˆæ˜¯ä¸‰åˆ°å››ä¸ªæœˆæ²¡æœ‰æ›´
                                        æ–°åšå®¢äº†ã€‚ä¸å…¶è¯´æ˜¯æˆ‘æ‡’ï¼Œ...

You may provide a definition with
\DeclareUnicodeCharacter 


! Package inputenc Error: Unicode character æ–° (U+65B0)
(inputenc)                not set up for use with LaTeX.

See the inputenc package documentation for explanation.
Type  H <return>  for immediate help.
 ...                                              
                                                  
l.8 è½¬çœ¼åˆæ˜¯ä¸‰åˆ°å››ä¸ªæœˆæ²¡æœ‰æ›´æ–°
                                           åšå®¢äº†ã€‚ä¸å…¶è¯´æ˜¯æˆ‘æ‡’ï¼Œ...

You may provide a definition with
\DeclareUnicodeCharacter 


! Package inputenc Error: Unicode character åš (U+535A)
(inputenc)                not set up for use with LaTeX.

See the inputenc package documentation for explanation.
Type  H <return>  for immediate help.
 ...                                              
                                                  
l.8 è½¬çœ¼åˆæ˜¯ä¸‰åˆ°å››ä¸ªæœˆæ²¡æœ‰æ›´æ–°åš
                                              å®¢äº†ã€‚ä¸å…¶è¯´æ˜¯æˆ‘æ‡’ï¼Œ...

You may provide a definition with
\DeclareUnicodeCharacter 


! Package inputenc Error: Unicode character å®¢ (U+5BA2)
(inputenc)                not set up for use with LaTeX.

See the inputenc package documentation for explanation.
Type  H <return>  for immediate help.
 ...                                              
                                                  
l.8 è½¬çœ¼åˆæ˜¯ä¸‰åˆ°å››ä¸ªæœˆæ²¡æœ‰æ›´æ–°åšå®¢
                                                 äº†ã€‚ä¸å…¶è¯´æ˜¯æˆ‘æ‡’ï¼Œ...

You may provide a definition with
\DeclareUnicodeCharacter 


! Package inputenc Error: Unicode character äº† (U+4E86)
(inputenc)                not set up for use with LaTeX.

See the inputenc package documentation for explanation.
Type  H <return>  for immediate help.
 ...                                              
                                                  
l.8 ...¼åˆæ˜¯ä¸‰åˆ°å››ä¸ªæœˆæ²¡æœ‰æ›´æ–°åšå®¢äº†
                                                  ã€‚ä¸å…¶è¯´æ˜¯æˆ‘æ‡’ï¼Œä¸...

You may provide a definition with
\DeclareUnicodeCharacter 


! Package inputenc Error: Unicode character ã€‚ (U+3002)
(inputenc)                not set up for use with LaTeX.

See the inputenc package documentation for explanation.
Type  H <return>  for immediate help.
 ...                                              
                                                  
l.8 ...ˆæ˜¯ä¸‰åˆ°å››ä¸ªæœˆæ²¡æœ‰æ›´æ–°åšå®¢äº†ã€‚
                                                  ä¸å…¶è¯´æ˜¯æˆ‘æ‡’ï¼Œä¸å¦...

You may provide a definition with
\DeclareUnicodeCharacter 


! Package inputenc Error: Unicode character ä¸ (U+4E0E)
(inputenc)                not set up for use with LaTeX.

See the inputenc package documentation for explanation.
Type  H <return>  for immediate help.
 ...                                              
                                                  
l.8 ...¯ä¸‰åˆ°å››ä¸ªæœˆæ²¡æœ‰æ›´æ–°åšå®¢äº†ã€‚ä¸
                                                  å…¶è¯´æ˜¯æˆ‘æ‡’ï¼Œä¸å¦‚è¯...

You may provide a definition with
\DeclareUnicodeCharacter 


! Package inputenc Error: Unicode character å…¶ (U+5176)
(inputenc)                not set up for use with LaTeX.

See the inputenc package documentation for explanation.
Type  H <return>  for immediate help.
 ...                                              
                                                  
l.8 ...‰åˆ°å››ä¸ªæœˆæ²¡æœ‰æ›´æ–°åšå®¢äº†ã€‚ä¸å…¶
                                                  è¯´æ˜¯æˆ‘æ‡’ï¼Œä¸å¦‚è¯´æˆ...

You may provide a definition with
\DeclareUnicodeCharacter 


! Package inputenc Error: Unicode character è¯´ (U+8BF4)
(inputenc)                not set up for use with LaTeX.

See the inputenc package documentation for explanation.
Type  H <return>  for immediate help.
 ...                                              
                                                  
l.8 ...°å››ä¸ªæœˆæ²¡æœ‰æ›´æ–°åšå®¢äº†ã€‚ä¸å…¶è¯´
                                                  æ˜¯æˆ‘æ‡’ï¼Œä¸å¦‚è¯´æˆ‘æ˜...

You may provide a definition with
\DeclareUnicodeCharacter 


! Package inputenc Error: Unicode character æ˜¯ (U+662F)
(inputenc)                not set up for use with LaTeX.

See the inputenc package documentation for explanation.
Type  H <return>  for immediate help.
 ...                                              
                                                  
l.8 ...›ä¸ªæœˆæ²¡æœ‰æ›´æ–°åšå®¢äº†ã€‚ä¸å…¶è¯´æ˜¯
                                                  æˆ‘æ‡’ï¼Œä¸å¦‚è¯´æˆ‘æ˜¯åœ...

You may provide a definition with
\DeclareUnicodeCharacter 


! Package inputenc Error: Unicode character æˆ‘ (U+6211)
(inputenc)                not set up for use with LaTeX.

See the inputenc package documentation for explanation.
Type  H <return>  for immediate help.
 ...                                              
                                                  
l.8 ...ªæœˆæ²¡æœ‰æ›´æ–°åšå®¢äº†ã€‚ä¸å…¶è¯´æ˜¯æˆ‘
                                                  æ‡’ï¼Œä¸å¦‚è¯´æˆ‘æ˜¯åœ¨æ€...

You may provide a definition with
\DeclareUnicodeCharacter 


! Package inputenc Error: Unicode character æ‡’ (U+61D2)
(inputenc)                not set up for use with LaTeX.

See the inputenc package documentation for explanation.
Type  H <return>  for immediate help.
 ...                                              
                                                  
l.8 ...ˆæ²¡æœ‰æ›´æ–°åšå®¢äº†ã€‚ä¸å…¶è¯´æ˜¯æˆ‘æ‡’
                                                  ï¼Œä¸å¦‚è¯´æˆ‘æ˜¯åœ¨æ€»ç»...

You may provide a definition with
\DeclareUnicodeCharacter 


! Package inputenc Error: Unicode character ï¼Œ (U+FF0C)
(inputenc)                not set up for use with LaTeX.

See the inputenc package documentation for explanation.
Type  H <return>  for immediate help.
 ...                                              
                                                  
l.8 ...¡æœ‰æ›´æ–°åšå®¢äº†ã€‚ä¸å…¶è¯´æ˜¯æˆ‘æ‡’ï¼Œ
                                                  ä¸å¦‚è¯´æˆ‘æ˜¯åœ¨æ€»ç»“ï¼...

You may provide a definition with
\DeclareUnicodeCharacter 


! Package inputenc Error: Unicode character ä¸ (U+4E0D)
(inputenc)                not set up for use with LaTeX.

See the inputenc package documentation for explanation.
Type  H <return>  for immediate help.
 ...                                              
                                                  
l.8 ...‰æ›´æ–°åšå®¢äº†ã€‚ä¸å…¶è¯´æ˜¯æˆ‘æ‡’ï¼Œä¸
                                                  å¦‚è¯´æˆ‘æ˜¯åœ¨æ€»ç»“ï¼Œæœ...

You may provide a definition with
\DeclareUnicodeCharacter 


! Package inputenc Error: Unicode character å¦‚ (U+5982)
(inputenc)                not set up for use with LaTeX.

See the inputenc package documentation for explanation.
Type  H <return>  for immediate help.
 ...                                              
                                                  
l.8 ...´æ–°åšå®¢äº†ã€‚ä¸å…¶è¯´æ˜¯æˆ‘æ‡’ï¼Œä¸å¦‚
                                                  è¯´æˆ‘æ˜¯åœ¨æ€»ç»“ï¼Œæœ€è¿...

You may provide a definition with
\DeclareUnicodeCharacter 


! Package inputenc Error: Unicode character è¯´ (U+8BF4)
(inputenc)                not set up for use with LaTeX.

See the inputenc package documentation for explanation.
Type  H <return>  for immediate help.
 ...                                              
                                                  
l.8 ...°åšå®¢äº†ã€‚ä¸å…¶è¯´æ˜¯æˆ‘æ‡’ï¼Œä¸å¦‚è¯´
                                                  æˆ‘æ˜¯åœ¨æ€»ç»“ï¼Œæœ€è¿‘æ¨...

You may provide a definition with
\DeclareUnicodeCharacter 


! Package inputenc Error: Unicode character æˆ‘ (U+6211)
(inputenc)                not set up for use with LaTeX.

See the inputenc package documentation for explanation.
Type  H <return>  for immediate help.
 ...                                              
                                                  
l.8 ...šå®¢äº†ã€‚ä¸å…¶è¯´æ˜¯æˆ‘æ‡’ï¼Œä¸å¦‚è¯´æˆ‘
                                                  æ˜¯åœ¨æ€»ç»“ï¼Œæœ€è¿‘æ¨¡å...

You may provide a definition with
\DeclareUnicodeCharacter 


! Package inputenc Error: Unicode character æ˜¯ (U+662F)
(inputenc)                not set up for use with LaTeX.

See the inputenc package documentation for explanation.
Type  H <return>  for immediate help.
 ...                                              
                                                  
l.8 ...¢äº†ã€‚ä¸å…¶è¯´æ˜¯æˆ‘æ‡’ï¼Œä¸å¦‚è¯´æˆ‘æ˜¯
                                                  åœ¨æ€»ç»“ï¼Œæœ€è¿‘æ¨¡å‹æ...

You may provide a definition with
\DeclareUnicodeCharacter 


! Package inputenc Error: Unicode character åœ¨ (U+5728)
(inputenc)                not set up for use with LaTeX.

See the inputenc package documentation for explanation.
Type  H <return>  for immediate help.
 ...                                              
                                                  
l.8 ...†ã€‚ä¸å…¶è¯´æ˜¯æˆ‘æ‡’ï¼Œä¸å¦‚è¯´æˆ‘æ˜¯åœ¨
                                                  æ€»ç»“ï¼Œæœ€è¿‘æ¨¡å‹æå‡...

You may provide a definition with
\DeclareUnicodeCharacter 


! Package inputenc Error: Unicode character æ€» (U+603B)
(inputenc)                not set up for use with LaTeX.

See the inputenc package documentation for explanation.
Type  H <return>  for immediate help.
 ...                                              
                                                  
l.8 ...‚ä¸å…¶è¯´æ˜¯æˆ‘æ‡’ï¼Œä¸å¦‚è¯´æˆ‘æ˜¯åœ¨æ€»
                                                  ç»“ï¼Œæœ€è¿‘æ¨¡å‹æå‡ºäº...

You may provide a definition with
\DeclareUnicodeCharacter 


! Package inputenc Error: Unicode character ç»“ (U+7ED3)
(inputenc)                not set up for use with LaTeX.

See the inputenc package documentation for explanation.
Type  H <return>  for immediate help.
 ...                                              
                                                  
l.8 ...å…¶è¯´æ˜¯æˆ‘æ‡’ï¼Œä¸å¦‚è¯´æˆ‘æ˜¯åœ¨æ€»ç»“
                                                  ï¼Œæœ€è¿‘æ¨¡å‹æå‡ºäº†å¾...

You may provide a definition with
\DeclareUnicodeCharacter 


! Package inputenc Error: Unicode character ï¼Œ (U+FF0C)
(inputenc)                not set up for use with LaTeX.

See the inputenc package documentation for explanation.
Type  H <return>  for immediate help.
 ...                                              
                                                  
l.8 ...¶è¯´æ˜¯æˆ‘æ‡’ï¼Œä¸å¦‚è¯´æˆ‘æ˜¯åœ¨æ€»ç»“ï¼Œ
                                                  æœ€è¿‘æ¨¡å‹æå‡ºäº†å¾ˆå¤...

You may provide a definition with
\DeclareUnicodeCharacter 


! Package inputenc Error: Unicode character æœ€ (U+6700)
(inputenc)                not set up for use with LaTeX.

See the inputenc package documentation for explanation.
Type  H <return>  for immediate help.
 ...                                              
                                                  
l.8 ...´æ˜¯æˆ‘æ‡’ï¼Œä¸å¦‚è¯´æˆ‘æ˜¯åœ¨æ€»ç»“ï¼Œæœ€
                                                  è¿‘æ¨¡å‹æå‡ºäº†å¾ˆå¤šæ–...

You may provide a definition with
\DeclareUnicodeCharacter 


! Package inputenc Error: Unicode character è¿‘ (U+8FD1)
(inputenc)                not set up for use with LaTeX.

See the inputenc package documentation for explanation.
Type  H <return>  for immediate help.
 ...                                              
                                                  
l.8 ...¯æˆ‘æ‡’ï¼Œä¸å¦‚è¯´æˆ‘æ˜¯åœ¨æ€»ç»“ï¼Œæœ€è¿‘
                                                  æ¨¡å‹æå‡ºäº†å¾ˆå¤šæ–°ä¸...

You may provide a definition with
\DeclareUnicodeCharacter 


! Package inputenc Error: Unicode character æ¨¡ (U+6A21)
(inputenc)                not set up for use with LaTeX.

See the inputenc package documentation for explanation.
Type  H <return>  for immediate help.
 ...                                              
                                                  
l.8 ...‘æ‡’ï¼Œä¸å¦‚è¯´æˆ‘æ˜¯åœ¨æ€»ç»“ï¼Œæœ€è¿‘æ¨¡
                                                  å‹æå‡ºäº†å¾ˆå¤šæ–°ä¸œè¥...

You may provide a definition with
\DeclareUnicodeCharacter 


! Package inputenc Error: Unicode character å‹ (U+578B)
(inputenc)                not set up for use with LaTeX.

See the inputenc package documentation for explanation.
Type  H <return>  for immediate help.
 ...                                              
                                                  
l.8 ...’ï¼Œä¸å¦‚è¯´æˆ‘æ˜¯åœ¨æ€»ç»“ï¼Œæœ€è¿‘æ¨¡å‹
                                                  æå‡ºäº†å¾ˆå¤šæ–°ä¸œè¥¿ï¼...

You may provide a definition with
\DeclareUnicodeCharacter 


! Package inputenc Error: Unicode character æ (U+641E)
(inputenc)                not set up for use with LaTeX.

See the inputenc package documentation for explanation.
Type  H <return>  for immediate help.
 ...                                              
                                                  
l.8 ...Œä¸å¦‚è¯´æˆ‘æ˜¯åœ¨æ€»ç»“ï¼Œæœ€è¿‘æ¨¡å‹æ
                                                  å‡ºäº†å¾ˆå¤šæ–°ä¸œè¥¿ï¼Œæ•...

You may provide a definition with
\DeclareUnicodeCharacter 


! Package inputenc Error: Unicode character å‡º (U+51FA)
(inputenc)                not set up for use with LaTeX.

See the inputenc package documentation for explanation.
Type  H <return>  for immediate help.
 ...                                              
                                                  
l.8 ...å¦‚è¯´æˆ‘æ˜¯åœ¨æ€»ç»“ï¼Œæœ€è¿‘æ¨¡å‹æå‡º
                                                  äº†å¾ˆå¤šæ–°ä¸œè¥¿ï¼Œæ•ˆæ...

You may provide a definition with
\DeclareUnicodeCharacter 


! Package inputenc Error: Unicode character äº† (U+4E86)
(inputenc)                not set up for use with LaTeX.

See the inputenc package documentation for explanation.
Type  H <return>  for immediate help.
 ...                                              
                                                  
l.8 ...‚è¯´æˆ‘æ˜¯åœ¨æ€»ç»“ï¼Œæœ€è¿‘æ¨¡å‹æå‡ºäº†
                                                  å¾ˆå¤šæ–°ä¸œè¥¿ï¼Œæ•ˆæœä¹...

You may provide a definition with
\DeclareUnicodeCharacter 


! Package inputenc Error: Unicode character å¾ˆ (U+5F88)
(inputenc)                not set up for use with LaTeX.

See the inputenc package documentation for explanation.
Type  H <return>  for immediate help.
 ...                                              
                                                  
l.8 ...´æˆ‘æ˜¯åœ¨æ€»ç»“ï¼Œæœ€è¿‘æ¨¡å‹æå‡ºäº†å¾ˆ
                                                  å¤šæ–°ä¸œè¥¿ï¼Œæ•ˆæœä¹Ÿä¸...

You may provide a definition with
\DeclareUnicodeCharacter 


! Package inputenc Error: Unicode character å¤š (U+591A)
(inputenc)                not set up for use with LaTeX.

See the inputenc package documentation for explanation.
Type  H <return>  for immediate help.
 ...                                              
                                                  
l.8 ...‘æ˜¯åœ¨æ€»ç»“ï¼Œæœ€è¿‘æ¨¡å‹æå‡ºäº†å¾ˆå¤š
                                                  æ–°ä¸œè¥¿ï¼Œæ•ˆæœä¹Ÿä¸é”...

You may provide a definition with
\DeclareUnicodeCharacter 


! Package inputenc Error: Unicode character æ–° (U+65B0)
(inputenc)                not set up for use with LaTeX.

See the inputenc package documentation for explanation.
Type  H <return>  for immediate help.
 ...                                              
                                                  
l.8 ...¯åœ¨æ€»ç»“ï¼Œæœ€è¿‘æ¨¡å‹æå‡ºäº†å¾ˆå¤šæ–°
                                                  ä¸œè¥¿ï¼Œæ•ˆæœä¹Ÿä¸é”™ï¼...

You may provide a definition with
\DeclareUnicodeCharacter 


! Package inputenc Error: Unicode character ä¸œ (U+4E1C)
(inputenc)                not set up for use with LaTeX.

See the inputenc package documentation for explanation.
Type  H <return>  for immediate help.
 ...                                              
                                                  
l.8 ...¨æ€»ç»“ï¼Œæœ€è¿‘æ¨¡å‹æå‡ºäº†å¾ˆå¤šæ–°ä¸œ
                                                  è¥¿ï¼Œæ•ˆæœä¹Ÿä¸é”™ï¼Œè¶...

You may provide a definition with
\DeclareUnicodeCharacter 


! Package inputenc Error: Unicode character è¥¿ (U+897F)
(inputenc)                not set up for use with LaTeX.

See the inputenc package documentation for explanation.
Type  H <return>  for immediate help.
 ...                                              
                                                  
l.8 ...»ç»“ï¼Œæœ€è¿‘æ¨¡å‹æå‡ºäº†å¾ˆå¤šæ–°ä¸œè¥¿
                                                  ï¼Œæ•ˆæœä¹Ÿä¸é”™ï¼Œè¶ç...

You may provide a definition with
\DeclareUnicodeCharacter 


! Package inputenc Error: Unicode character ï¼Œ (U+FF0C)
(inputenc)                not set up for use with LaTeX.

See the inputenc package documentation for explanation.
Type  H <return>  for immediate help.
 ...                                              
                                                  
l.8 ...“ï¼Œæœ€è¿‘æ¨¡å‹æå‡ºäº†å¾ˆå¤šæ–°ä¸œè¥¿ï¼Œ
                                                  æ•ˆæœä¹Ÿä¸é”™ï¼Œè¶ç€æœ...

You may provide a definition with
\DeclareUnicodeCharacter 


! Package inputenc Error: Unicode character æ•ˆ (U+6548)
(inputenc)                not set up for use with LaTeX.

See the inputenc package documentation for explanation.
Type  H <return>  for immediate help.
 ...                                              
                                                  
l.8 ...Œæœ€è¿‘æ¨¡å‹æå‡ºäº†å¾ˆå¤šæ–°ä¸œè¥¿ï¼Œæ•ˆ
                                                  æœä¹Ÿä¸é”™ï¼Œè¶ç€æœ‰ç©...

You may provide a definition with
\DeclareUnicodeCharacter 


! Package inputenc Error: Unicode character æœ (U+679C)
(inputenc)                not set up for use with LaTeX.

See the inputenc package documentation for explanation.
Type  H <return>  for immediate help.
 ...                                              
                                                  
l.8 ...€è¿‘æ¨¡å‹æå‡ºäº†å¾ˆå¤šæ–°ä¸œè¥¿ï¼Œæ•ˆæœ
                                                  ä¹Ÿä¸é”™ï¼Œè¶ç€æœ‰ç©ºï¼...

You may provide a definition with
\DeclareUnicodeCharacter 


! Package inputenc Error: Unicode character ä¹Ÿ (U+4E5F)
(inputenc)                not set up for use with LaTeX.

See the inputenc package documentation for explanation.
Type  H <return>  for immediate help.
 ...                                              
                                                  
l.8 ...‘æ¨¡å‹æå‡ºäº†å¾ˆå¤šæ–°ä¸œè¥¿ï¼Œæ•ˆæœä¹Ÿ
                                                  ä¸é”™ï¼Œè¶ç€æœ‰ç©ºï¼Œæƒ...

You may provide a definition with
\DeclareUnicodeCharacter 


! Package inputenc Error: Unicode character ä¸ (U+4E0D)
(inputenc)                not set up for use with LaTeX.

See the inputenc package documentation for explanation.
Type  H <return>  for immediate help.
 ...                                              
                                                  
l.8 ...¡å‹æå‡ºäº†å¾ˆå¤šæ–°ä¸œè¥¿ï¼Œæ•ˆæœä¹Ÿä¸
                                                  é”™ï¼Œè¶ç€æœ‰ç©ºï¼Œæƒ³ç...

You may provide a definition with
\DeclareUnicodeCharacter 


! Package inputenc Error: Unicode character é”™ (U+9519)
(inputenc)                not set up for use with LaTeX.

See the inputenc package documentation for explanation.
Type  H <return>  for immediate help.
 ...                                              
                                                  
l.8 ...‹æå‡ºäº†å¾ˆå¤šæ–°ä¸œè¥¿ï¼Œæ•ˆæœä¹Ÿä¸é”™
                                                  ï¼Œè¶ç€æœ‰ç©ºï¼Œæƒ³ç€æ›...

You may provide a definition with
\DeclareUnicodeCharacter 


! Package inputenc Error: Unicode character ï¼Œ (U+FF0C)
(inputenc)                not set up for use with LaTeX.

See the inputenc package documentation for explanation.
Type  H <return>  for immediate help.
 ...                                              
                                                  
l.8 ...å‡ºäº†å¾ˆå¤šæ–°ä¸œè¥¿ï¼Œæ•ˆæœä¹Ÿä¸é”™ï¼Œ
                                                  è¶ç€æœ‰ç©ºï¼Œæƒ³ç€æ›´æ–...

You may provide a definition with
\DeclareUnicodeCharacter 


! Package inputenc Error: Unicode character è¶ (U+8D81)
(inputenc)                not set up for use with LaTeX.

See the inputenc package documentation for explanation.
Type  H <return>  for immediate help.
 ...                                              
                                                  
l.8 ...ºäº†å¾ˆå¤šæ–°ä¸œè¥¿ï¼Œæ•ˆæœä¹Ÿä¸é”™ï¼Œè¶
                                                  ç€æœ‰ç©ºï¼Œæƒ³ç€æ›´æ–°ä¸...

You may provide a definition with
\DeclareUnicodeCharacter 


! Package inputenc Error: Unicode character ç€ (U+7740)
(inputenc)                not set up for use with LaTeX.

See the inputenc package documentation for explanation.
Type  H <return>  for immediate help.
 ...                                              
                                                  
l.8 ...†å¾ˆå¤šæ–°ä¸œè¥¿ï¼Œæ•ˆæœä¹Ÿä¸é”™ï¼Œè¶ç€
                                                  æœ‰ç©ºï¼Œæƒ³ç€æ›´æ–°ä¸€ä¸...

You may provide a definition with
\DeclareUnicodeCharacter 


! Package inputenc Error: Unicode character æœ‰ (U+6709)
(inputenc)                not set up for use with LaTeX.

See the inputenc package documentation for explanation.
Type  H <return>  for immediate help.
 ...                                              
                                                  
l.8 ...ˆå¤šæ–°ä¸œè¥¿ï¼Œæ•ˆæœä¹Ÿä¸é”™ï¼Œè¶ç€æœ‰
                                                  ç©ºï¼Œæƒ³ç€æ›´æ–°ä¸€ä¸‹å...

You may provide a definition with
\DeclareUnicodeCharacter 


! Package inputenc Error: Unicode character ç©º (U+7A7A)
(inputenc)                not set up for use with LaTeX.

See the inputenc package documentation for explanation.
Type  H <return>  for immediate help.
 ...                                              
                                                  
l.8 ...šæ–°ä¸œè¥¿ï¼Œæ•ˆæœä¹Ÿä¸é”™ï¼Œè¶ç€æœ‰ç©º
                                                  ï¼Œæƒ³ç€æ›´æ–°ä¸€ä¸‹åšå®...

You may provide a definition with
\DeclareUnicodeCharacter 


! Package inputenc Error: Unicode character ï¼Œ (U+FF0C)
(inputenc)                not set up for use with LaTeX.

See the inputenc package documentation for explanation.
Type  H <return>  for immediate help.
 ...                                              
                                                  
l.8 ...°ä¸œè¥¿ï¼Œæ•ˆæœä¹Ÿä¸é”™ï¼Œè¶ç€æœ‰ç©ºï¼Œ
                                                  æƒ³ç€æ›´æ–°ä¸€ä¸‹åšå®¢ã€...

You may provide a definition with
\DeclareUnicodeCharacter 


! Package inputenc Error: Unicode character æƒ³ (U+60F3)
(inputenc)                not set up for use with LaTeX.

See the inputenc package documentation for explanation.
Type  H <return>  for immediate help.
 ...                                              
                                                  
l.8 ...œè¥¿ï¼Œæ•ˆæœä¹Ÿä¸é”™ï¼Œè¶ç€æœ‰ç©ºï¼Œæƒ³
                                                  ç€æ›´æ–°ä¸€ä¸‹åšå®¢ã€‚æœ...

You may provide a definition with
\DeclareUnicodeCharacter 


! Package inputenc Error: Unicode character ç€ (U+7740)
(inputenc)                not set up for use with LaTeX.

See the inputenc package documentation for explanation.
Type  H <return>  for immediate help.
 ...                                              
                                                  
l.8 ...¿ï¼Œæ•ˆæœä¹Ÿä¸é”™ï¼Œè¶ç€æœ‰ç©ºï¼Œæƒ³ç€
                                                  æ›´æ–°ä¸€ä¸‹åšå®¢ã€‚æœ€è¿...

You may provide a definition with
\DeclareUnicodeCharacter 


! Package inputenc Error: Unicode character æ›´ (U+66F4)
(inputenc)                not set up for use with LaTeX.

See the inputenc package documentation for explanation.
Type  H <return>  for immediate help.
 ...                                              
                                                  
l.8 ...Œæ•ˆæœä¹Ÿä¸é”™ï¼Œè¶ç€æœ‰ç©ºï¼Œæƒ³ç€æ›´
                                                  æ–°ä¸€ä¸‹åšå®¢ã€‚æœ€è¿‘è®...

You may provide a definition with
\DeclareUnicodeCharacter 


! Package inputenc Error: Unicode character æ–° (U+65B0)
(inputenc)                not set up for use with LaTeX.

See the inputenc package documentation for explanation.
Type  H <return>  for immediate help.
 ...                                              
                                                  
l.8 ...ˆæœä¹Ÿä¸é”™ï¼Œè¶ç€æœ‰ç©ºï¼Œæƒ³ç€æ›´æ–°
                                                  ä¸€ä¸‹åšå®¢ã€‚æœ€è¿‘è®¤è¯...

You may provide a definition with
\DeclareUnicodeCharacter 


! Package inputenc Error: Unicode character ä¸€ (U+4E00)
(inputenc)                not set up for use with LaTeX.

See the inputenc package documentation for explanation.
Type  H <return>  for immediate help.
 ...                                              
                                                  
l.8 ...œä¹Ÿä¸é”™ï¼Œè¶ç€æœ‰ç©ºï¼Œæƒ³ç€æ›´æ–°ä¸€
                                                  ä¸‹åšå®¢ã€‚æœ€è¿‘è®¤è¯†äº...

You may provide a definition with
\DeclareUnicodeCharacter 


! Package inputenc Error: Unicode character ä¸‹ (U+4E0B)
(inputenc)                not set up for use with LaTeX.

See the inputenc package documentation for explanation.
Type  H <return>  for immediate help.
 ...                                              
                                                  
l.8 ...Ÿä¸é”™ï¼Œè¶ç€æœ‰ç©ºï¼Œæƒ³ç€æ›´æ–°ä¸€ä¸‹
                                                  åšå®¢ã€‚æœ€è¿‘è®¤è¯†äº†ä¸...

You may provide a definition with
\DeclareUnicodeCharacter 


! Package inputenc Error: Unicode character åš (U+535A)
(inputenc)                not set up for use with LaTeX.

See the inputenc package documentation for explanation.
Type  H <return>  for immediate help.
 ...                                              
                                                  
l.8 ...é”™ï¼Œè¶ç€æœ‰ç©ºï¼Œæƒ³ç€æ›´æ–°ä¸€ä¸‹åš
                                                  å®¢ã€‚æœ€è¿‘è®¤è¯†äº†ä¸€ä¸...

You may provide a definition with
\DeclareUnicodeCharacter 


! Package inputenc Error: Unicode character å®¢ (U+5BA2)
(inputenc)                not set up for use with LaTeX.

See the inputenc package documentation for explanation.
Type  H <return>  for immediate help.
 ...                                              
                                                  
l.8 ...™ï¼Œè¶ç€æœ‰ç©ºï¼Œæƒ³ç€æ›´æ–°ä¸€ä¸‹åšå®¢
                                                  ã€‚æœ€è¿‘è®¤è¯†äº†ä¸€ä¸ªæ–...

You may provide a definition with
\DeclareUnicodeCharacter 


! Package inputenc Error: Unicode character ã€‚ (U+3002)
(inputenc)                not set up for use with LaTeX.

See the inputenc package documentation for explanation.
Type  H <return>  for immediate help.
 ...                                              
                                                  
l.8 ...Œè¶ç€æœ‰ç©ºï¼Œæƒ³ç€æ›´æ–°ä¸€ä¸‹åšå®¢ã€‚
                                                  æœ€è¿‘è®¤è¯†äº†ä¸€ä¸ªæ–°æœ...

You may provide a definition with
\DeclareUnicodeCharacter 


! Package inputenc Error: Unicode character æœ€ (U+6700)
(inputenc)                not set up for use with LaTeX.

See the inputenc package documentation for explanation.
Type  H <return>  for immediate help.
 ...                                              
                                                  
l.8 ...ç€æœ‰ç©ºï¼Œæƒ³ç€æ›´æ–°ä¸€ä¸‹åšå®¢ã€‚æœ€
                                                  è¿‘è®¤è¯†äº†ä¸€ä¸ªæ–°æœ‹å...

You may provide a definition with
\DeclareUnicodeCharacter 


! Package inputenc Error: Unicode character è¿‘ (U+8FD1)
(inputenc)                not set up for use with LaTeX.

See the inputenc package documentation for explanation.
Type  H <return>  for immediate help.
 ...                                              
                                                  
l.8 ...€æœ‰ç©ºï¼Œæƒ³ç€æ›´æ–°ä¸€ä¸‹åšå®¢ã€‚æœ€è¿‘
                                                  è®¤è¯†äº†ä¸€ä¸ªæ–°æœ‹å‹ï¼...

You may provide a definition with
\DeclareUnicodeCharacter 


! Package inputenc Error: Unicode character è®¤ (U+8BA4)
(inputenc)                not set up for use with LaTeX.

See the inputenc package documentation for explanation.
Type  H <return>  for immediate help.
 ...                                              
                                                  
l.8 ...‰ç©ºï¼Œæƒ³ç€æ›´æ–°ä¸€ä¸‹åšå®¢ã€‚æœ€è¿‘è®¤
                                                  è¯†äº†ä¸€ä¸ªæ–°æœ‹å‹ï¼Œ y...

You may provide a definition with
\DeclareUnicodeCharacter 


! Package inputenc Error: Unicode character è¯† (U+8BC6)
(inputenc)                not set up for use with LaTeX.

See the inputenc package documentation for explanation.
Type  H <return>  for immediate help.
 ...                                              
                                                  
l.8 ...ºï¼Œæƒ³ç€æ›´æ–°ä¸€ä¸‹åšå®¢ã€‚æœ€è¿‘è®¤è¯†
                                                  äº†ä¸€ä¸ªæ–°æœ‹å‹ï¼Œ yanï...

You may provide a definition with
\DeclareUnicodeCharacter 


! Package inputenc Error: Unicode character äº† (U+4E86)
(inputenc)                not set up for use with LaTeX.

See the inputenc package documentation for explanation.
Type  H <return>  for immediate help.
 ...                                              
                                                  
l.8 ...Œæƒ³ç€æ›´æ–°ä¸€ä¸‹åšå®¢ã€‚æœ€è¿‘è®¤è¯†äº†
                                                  ä¸€ä¸ªæ–°æœ‹å‹ï¼Œ yanï¼Œ ...

You may provide a definition with
\DeclareUnicodeCharacter 


! Package inputenc Error: Unicode character ä¸€ (U+4E00)
(inputenc)                not set up for use with LaTeX.

See the inputenc package documentation for explanation.
Type  H <return>  for immediate help.
 ...                                              
                                                  
l.8 ...³ç€æ›´æ–°ä¸€ä¸‹åšå®¢ã€‚æœ€è¿‘è®¤è¯†äº†ä¸€
                                                  ä¸ªæ–°æœ‹å‹ï¼Œ yanï¼Œ è·Ÿ...

You may provide a definition with
\DeclareUnicodeCharacter 


! Package inputenc Error: Unicode character ä¸ª (U+4E2A)
(inputenc)                not set up for use with LaTeX.

See the inputenc package documentation for explanation.
Type  H <return>  for immediate help.
 ...                                              
                                                  
l.8 ...€æ›´æ–°ä¸€ä¸‹åšå®¢ã€‚æœ€è¿‘è®¤è¯†äº†ä¸€ä¸ª
                                                  æ–°æœ‹å‹ï¼Œ yanï¼Œ è·Ÿå¥¹...

You may provide a definition with
\DeclareUnicodeCharacter 


! Package inputenc Error: Unicode character æ–° (U+65B0)
(inputenc)                not set up for use with LaTeX.

See the inputenc package documentation for explanation.
Type  H <return>  for immediate help.
 ...                                              
                                                  
l.8 ...´æ–°ä¸€ä¸‹åšå®¢ã€‚æœ€è¿‘è®¤è¯†äº†ä¸€ä¸ªæ–°
                                                  æœ‹å‹ï¼Œ yanï¼Œ è·Ÿå¥¹äº¤...

You may provide a definition with
\DeclareUnicodeCharacter 


! Package inputenc Error: Unicode character æœ‹ (U+670B)
(inputenc)                not set up for use with LaTeX.

See the inputenc package documentation for explanation.
Type  H <return>  for immediate help.
 ...                                              
                                                  
l.8 ...°ä¸€ä¸‹åšå®¢ã€‚æœ€è¿‘è®¤è¯†äº†ä¸€ä¸ªæ–°æœ‹
                                                  å‹ï¼Œ yanï¼Œ è·Ÿå¥¹äº¤æµ...

You may provide a definition with
\DeclareUnicodeCharacter 


! Package inputenc Error: Unicode character å‹ (U+53CB)
(inputenc)                not set up for use with LaTeX.

See the inputenc package documentation for explanation.
Type  H <return>  for immediate help.
 ...                                              
                                                  
l.8 ...€ä¸‹åšå®¢ã€‚æœ€è¿‘è®¤è¯†äº†ä¸€ä¸ªæ–°æœ‹å‹
                                                  ï¼Œ yanï¼Œ è·Ÿå¥¹äº¤æµäº†...

You may provide a definition with
\DeclareUnicodeCharacter 


! Package inputenc Error: Unicode character ï¼Œ (U+FF0C)
(inputenc)                not set up for use with LaTeX.

See the inputenc package documentation for explanation.
Type  H <return>  for immediate help.
 ...                                              
                                                  
l.8 ...‹åšå®¢ã€‚æœ€è¿‘è®¤è¯†äº†ä¸€ä¸ªæ–°æœ‹å‹ï¼Œ
                                                   yanï¼Œ è·Ÿå¥¹äº¤æµäº†å…³...

You may provide a definition with
\DeclareUnicodeCharacter 


! LaTeX Error: Missing \begin{document}.

See the LaTeX manual or LaTeX Companion for explanation.
Type  H <return>  for immediate help.
 ...                                              
                                                  
l.8 ...šå®¢ã€‚æœ€è¿‘è®¤è¯†äº†ä¸€ä¸ªæ–°æœ‹å‹ï¼Œ y
                                                  anï¼Œ è·Ÿå¥¹äº¤æµäº†å…³äº...

You're in trouble here.  Try typing  <return>  to proceed.
If that doesn't work, type  X <return>  to quit.

Missing character: There is no y in font nullfont!
Missing character: There is no a in font nullfont!
Missing character: There is no n in font nullfont!

! Package inputenc Error: Unicode character ï¼Œ (U+FF0C)
(inputenc)                not set up for use with LaTeX.

See the inputenc package documentation for explanation.
Type  H <return>  for immediate help.
 ...                                              
                                                  
l.8 ...ã€‚æœ€è¿‘è®¤è¯†äº†ä¸€ä¸ªæ–°æœ‹å‹ï¼Œ yanï¼Œ
                                                   è·Ÿå¥¹äº¤æµäº†å…³äºå„è...

You may provide a definition with
\DeclareUnicodeCharacter 


! Package inputenc Error: Unicode character è·Ÿ (U+8DDF)
(inputenc)                not set up for use with LaTeX.

See the inputenc package documentation for explanation.
Type  H <return>  for immediate help.
 ...                                              
                                                  
l.8 ...œ€è¿‘è®¤è¯†äº†ä¸€ä¸ªæ–°æœ‹å‹ï¼Œ yanï¼Œ è·Ÿ
                                                  å¥¹äº¤æµäº†å…³äºå„è¡Œå...

You may provide a definition with
\DeclareUnicodeCharacter 


! Package inputenc Error: Unicode character å¥¹ (U+5979)
(inputenc)                not set up for use with LaTeX.

See the inputenc package documentation for explanation.
Type  H <return>  for immediate help.
 ...                                              
                                                  
l.8 ...¿‘è®¤è¯†äº†ä¸€ä¸ªæ–°æœ‹å‹ï¼Œ yanï¼Œ è·Ÿå¥¹
                                                  äº¤æµäº†å…³äºå„è¡Œå„æ ...

You may provide a definition with
\DeclareUnicodeCharacter 


! Package inputenc Error: Unicode character äº¤ (U+4EA4)
(inputenc)                not set up for use with LaTeX.

See the inputenc package documentation for explanation.
Type  H <return>  for immediate help.
 ...                                              
                                                  
l.8 ...®¤è¯†äº†ä¸€ä¸ªæ–°æœ‹å‹ï¼Œ yanï¼Œ è·Ÿå¥¹äº¤
                                                  æµäº†å…³äºå„è¡Œå„æ ·çš...

You may provide a definition with
\DeclareUnicodeCharacter 


! Package inputenc Error: Unicode character æµ (U+6D41)
(inputenc)                not set up for use with LaTeX.

See the inputenc package documentation for explanation.
Type  H <return>  for immediate help.
 ...                                              
                                                  
l.8 ...¯†äº†ä¸€ä¸ªæ–°æœ‹å‹ï¼Œ yanï¼Œ è·Ÿå¥¹äº¤æµ
                                                  äº†å…³äºå„è¡Œå„æ ·çš„ä¸...

You may provide a definition with
\DeclareUnicodeCharacter 


! Package inputenc Error: Unicode character äº† (U+4E86)
(inputenc)                not set up for use with LaTeX.

See the inputenc package documentation for explanation.
Type  H <return>  for immediate help.
 ...                                              
                                                  
l.8 ...º†ä¸€ä¸ªæ–°æœ‹å‹ï¼Œ yanï¼Œ è·Ÿå¥¹äº¤æµäº†
                                                  å…³äºå„è¡Œå„æ ·çš„ä¸œè¥...

You may provide a definition with
\DeclareUnicodeCharacter 


! Package inputenc Error: Unicode character å…³ (U+5173)
(inputenc)                not set up for use with LaTeX.

See the inputenc package documentation for explanation.
Type  H <return>  for immediate help.
 ...                                              
                                                  
l.8 ...¸€ä¸ªæ–°æœ‹å‹ï¼Œ yanï¼Œ è·Ÿå¥¹äº¤æµäº†å…³
                                                  äºå„è¡Œå„æ ·çš„ä¸œè¥¿ï¼...

You may provide a definition with
\DeclareUnicodeCharacter 


! Package inputenc Error: Unicode character äº (U+4E8E)
(inputenc)                not set up for use with LaTeX.

See the inputenc package documentation for explanation.
Type  H <return>  for immediate help.
 ...                                              
                                                  
l.8 ...¸ªæ–°æœ‹å‹ï¼Œ yanï¼Œ è·Ÿå¥¹äº¤æµäº†å…³äº
                                                  å„è¡Œå„æ ·çš„ä¸œè¥¿ï¼Œse...

You may provide a definition with
\DeclareUnicodeCharacter 


! Package inputenc Error: Unicode character å„ (U+5404)
(inputenc)                not set up for use with LaTeX.

See the inputenc package documentation for explanation.
Type  H <return>  for immediate help.
 ...                                              
                                                  
l.8 ...–°æœ‹å‹ï¼Œ yanï¼Œ è·Ÿå¥¹äº¤æµäº†å…³äºå„
                                                  è¡Œå„æ ·çš„ä¸œè¥¿ï¼Œself-...

You may provide a definition with
\DeclareUnicodeCharacter 


! Package inputenc Error: Unicode character è¡Œ (U+884C)
(inputenc)                not set up for use with LaTeX.

See the inputenc package documentation for explanation.
Type  H <return>  for immediate help.
 ...                                              
                                                  
l.8 ...œ‹å‹ï¼Œ yanï¼Œ è·Ÿå¥¹äº¤æµäº†å…³äºå„è¡Œ
                                                  å„æ ·çš„ä¸œè¥¿ï¼Œself-imp...

You may provide a definition with
\DeclareUnicodeCharacter 


! Package inputenc Error: Unicode character å„ (U+5404)
(inputenc)                not set up for use with LaTeX.

See the inputenc package documentation for explanation.
Type  H <return>  for immediate help.
 ...                                              
                                                  
l.8 ...‹ï¼Œ yanï¼Œ è·Ÿå¥¹äº¤æµäº†å…³äºå„è¡Œå„
                                                  æ ·çš„ä¸œè¥¿ï¼Œself-improv...

You may provide a definition with
\DeclareUnicodeCharacter 


! Package inputenc Error: Unicode character æ · (U+6837)
(inputenc)                not set up for use with LaTeX.

See the inputenc package documentation for explanation.
Type  H <return>  for immediate help.
 ...                                              
                                                  
l.8 ...¼Œ yanï¼Œ è·Ÿå¥¹äº¤æµäº†å…³äºå„è¡Œå„æ ·
                                                  çš„ä¸œè¥¿ï¼Œself-improveme...

You may provide a definition with
\DeclareUnicodeCharacter 


! Package inputenc Error: Unicode character çš„ (U+7684)
(inputenc)                not set up for use with LaTeX.

See the inputenc package documentation for explanation.
Type  H <return>  for immediate help.
 ...                                              
                                                  
l.8 ...yanï¼Œ è·Ÿå¥¹äº¤æµäº†å…³äºå„è¡Œå„æ ·çš„
                                                  ä¸œè¥¿ï¼Œself-improvementå...

You may provide a definition with
\DeclareUnicodeCharacter 


! Package inputenc Error: Unicode character ä¸œ (U+4E1C)
(inputenc)                not set up for use with LaTeX.

See the inputenc package documentation for explanation.
Type  H <return>  for immediate help.
 ...                                              
                                                  
l.8 ...ï¼Œ è·Ÿå¥¹äº¤æµäº†å…³äºå„è¡Œå„æ ·çš„ä¸œ
                                                  è¥¿ï¼Œself-improvementå°¤ä...

You may provide a definition with
\DeclareUnicodeCharacter 


! Package inputenc Error: Unicode character è¥¿ (U+897F)
(inputenc)                not set up for use with LaTeX.

See the inputenc package documentation for explanation.
Type  H <return>  for immediate help.
 ...                                              
                                                  
l.8 ... è·Ÿå¥¹äº¤æµäº†å…³äºå„è¡Œå„æ ·çš„ä¸œè¥¿
                                                  ï¼Œself-improvementå°¤ä¸ºç...

You may provide a definition with
\DeclareUnicodeCharacter 


! Package inputenc Error: Unicode character ï¼Œ (U+FF0C)
(inputenc)                not set up for use with LaTeX.

See the inputenc package documentation for explanation.
Type  H <return>  for immediate help.
 ...                                              
                                                  
l.8 ...Ÿå¥¹äº¤æµäº†å…³äºå„è¡Œå„æ ·çš„ä¸œè¥¿ï¼Œ
                                                  self-improvementå°¤ä¸ºçªå...

You may provide a definition with
\DeclareUnicodeCharacter 

Missing character: There is no s in font nullfont!
Missing character: There is no e in font nullfont!
Missing character: There is no l in font nullfont!
Missing character: There is no f in font nullfont!
Missing character: There is no - in font nullfont!
Missing character: There is no i in font nullfont!
Missing character: There is no m in font nullfont!
Missing character: There is no p in font nullfont!
Missing character: There is no r in font nullfont!
Missing character: There is no o in font nullfont!
Missing character: There is no v in font nullfont!
Missing character: There is no e in font nullfont!
Missing character: There is no m in font nullfont!
Missing character: There is no e in font nullfont!
Missing character: There is no n in font nullfont!
Missing character: There is no t in font nullfont!

! Package inputenc Error: Unicode character å°¤ (U+5C24)
(inputenc)                not set up for use with LaTeX.

See the inputenc package documentation for explanation.
Type  H <return>  for immediate help.
 ...                                              
                                                  
l.8 ...å„è¡Œå„æ ·çš„ä¸œè¥¿ï¼Œself-improvementå°¤
                                                  ä¸ºçªå‡ºçš„æ˜¯æˆ‘ä¿©å…±å...

You may provide a definition with
\DeclareUnicodeCharacter 


! Package inputenc Error: Unicode character ä¸º (U+4E3A)
(inputenc)                not set up for use with LaTeX.

See the inputenc package documentation for explanation.
Type  H <return>  for immediate help.
 ...                                              
                                                  
l.8 ...è¡Œå„æ ·çš„ä¸œè¥¿ï¼Œself-improvementå°¤ä¸º
                                                  çªå‡ºçš„æ˜¯æˆ‘ä¿©å…±åŒå…...

You may provide a definition with
\DeclareUnicodeCharacter 


! Package inputenc Error: Unicode character çª (U+7A81)
(inputenc)                not set up for use with LaTeX.

See the inputenc package documentation for explanation.
Type  H <return>  for immediate help.
 ...                                              
                                                  
l.8 ...å„æ ·çš„ä¸œè¥¿ï¼Œself-improvementå°¤ä¸ºçª
                                                  å‡ºçš„æ˜¯æˆ‘ä¿©å…±åŒå…³å¿...

You may provide a definition with
\DeclareUnicodeCharacter 


! Package inputenc Error: Unicode character å‡º (U+51FA)
(inputenc)                not set up for use with LaTeX.

See the inputenc package documentation for explanation.
Type  H <return>  for immediate help.
 ...                                              
                                                  
l.8 ...æ ·çš„ä¸œè¥¿ï¼Œself-improvementå°¤ä¸ºçªå‡º
                                                  çš„æ˜¯æˆ‘ä¿©å…±åŒå…³å¿ƒçš...

You may provide a definition with
\DeclareUnicodeCharacter 


! Package inputenc Error: Unicode character çš„ (U+7684)
(inputenc)                not set up for use with LaTeX.

See the inputenc package documentation for explanation.
Type  H <return>  for immediate help.
 ...                                              
                                                  
l.8 ...çš„ä¸œè¥¿ï¼Œself-improvementå°¤ä¸ºçªå‡ºçš„
                                                  æ˜¯æˆ‘ä¿©å…±åŒå…³å¿ƒçš„ä¸...

You may provide a definition with
\DeclareUnicodeCharacter 


! Package inputenc Error: Unicode character æ˜¯ (U+662F)
(inputenc)                not set up for use with LaTeX.

See the inputenc package documentation for explanation.
Type  H <return>  for immediate help.
 ...                                              
                                                  
l.8 ...ä¸œè¥¿ï¼Œself-improvementå°¤ä¸ºçªå‡ºçš„æ˜¯
                                                  æˆ‘ä¿©å…±åŒå…³å¿ƒçš„ä¸€ä¸...
(That makes 100 errors; please try again.) 
Here is how much of TeX's memory you used:
 96 strings out of 480608
 1181 string characters out of 5903631
 239610 words of memory out of 5000000
 16085 multiletter control sequences out of 15000+600000
 532338 words of font info for 24 fonts, out of 8000000 for 9000
 1141 hyphenation exceptions out of 8191
 12i,0n,15p,630b,14s stack positions out of 5000i,500n,10000p,200000b,80000s

!  ==> Fatal error occurred, no output PDF file produced!
